%このファイルは日本語文字を含みます.
\BOOKMARK [0][-]{chapter.1}{概要}{}% 1
\BOOKMARK [1][-]{section.1.1}{ソフトウェア概要}{chapter.1}% 2
\BOOKMARK [0][-]{chapter.2}{ライセンス}{}% 3
\BOOKMARK [0][-]{chapter.3}{要件}{}% 4
\BOOKMARK [0][-]{chapter.4}{計算の流れ}{}% 5
\BOOKMARK [1][-]{section.4.1}{使用の流れ}{chapter.4}% 6
\BOOKMARK [1][-]{section.4.2}{\(リスタートではない\)通常の計算}{chapter.4}% 7
\BOOKMARK [2][-]{subsection.4.2.1}{入力条件ファイルの作成}{section.4.2}% 8
\BOOKMARK [2][-]{subsection.4.2.2}{\(オプション\)入力ファイルの作成}{section.4.2}% 9
\BOOKMARK [2][-]{subsection.4.2.3}{計算実行}{section.4.2}% 10
\BOOKMARK [2][-]{subsection.4.2.4}{計算結果出力}{section.4.2}% 11
\BOOKMARK [1][-]{section.4.3}{動的グリーン関数の再計算を行う場合}{chapter.4}% 12
\BOOKMARK [2][-]{subsection.4.3.1}{入力条件ファイルの作成}{section.4.3}% 13
\BOOKMARK [2][-]{subsection.4.3.2}{計算実行}{section.4.3}% 14
\BOOKMARK [2][-]{subsection.4.3.3}{計算結果出力}{section.4.3}% 15
\BOOKMARK [1][-]{section.4.4}{リスタート計算をする場合}{chapter.4}% 16
\BOOKMARK [2][-]{subsection.4.4.1}{入力条件ファイルの作成}{section.4.4}% 17
\BOOKMARK [2][-]{subsection.4.4.2}{計算実行}{section.4.4}% 18
\BOOKMARK [2][-]{subsection.4.4.3}{計算結果出力}{section.4.4}% 19
\BOOKMARK [0][-]{chapter.5}{ファイルフォーマット}{}% 20
\BOOKMARK [1][-]{section.5.1}{入力ファイル}{chapter.5}% 21
\BOOKMARK [2][-]{subsection.5.1.1}{ファイル名および計算条件指定ファイル}{section.5.1}% 22
\BOOKMARK [2][-]{subsection.5.1.2}{InHamファイル}{section.5.1}% 23
\BOOKMARK [2][-]{subsection.5.1.3}{InVecファイル}{section.5.1}% 24
\BOOKMARK [2][-]{subsection.5.1.4}{リスタート用係数}{section.5.1}% 25
\BOOKMARK [2][-]{subsection.5.1.5}{リスタート用ベクトル}{section.5.1}% 26
\BOOKMARK [1][-]{section.5.2}{出力ファイル}{chapter.5}% 27
\BOOKMARK [2][-]{subsection.5.2.1}{リスタート用係数}{section.5.2}% 28
\BOOKMARK [2][-]{subsection.5.2.2}{リスタート用ベクトル}{section.5.2}% 29
\BOOKMARK [2][-]{subsection.5.2.3}{動的グリーン関数ファイル}{section.5.2}% 30
\BOOKMARK [0][-]{chapter.6}{Contact}{}% 31
