\BOOKMARK [0][-]{chapter.1}{Overview}{}% 1
\BOOKMARK [1][-]{section.1.1}{Calculation in this program}{chapter.1}% 2
\BOOKMARK [0][-]{chapter.2}{License}{}% 3
\BOOKMARK [0][-]{chapter.3}{Prerequisite}{}% 4
\BOOKMARK [0][-]{chapter.4}{Overall procedure}{}% 5
\BOOKMARK [1][-]{section.4.1}{Calculation from scratch}{chapter.4}% 6
\BOOKMARK [2][-]{subsection.4.1.1}{Prepare input file}{section.4.1}% 7
\BOOKMARK [2][-]{subsection.4.1.2}{\(Optional\) Prepare input file for the Hamiltonian and RHS vector}{section.4.1}% 8
\BOOKMARK [2][-]{subsection.4.1.3}{Launch}{section.4.1}% 9
\BOOKMARK [2][-]{subsection.4.1.4}{Output}{section.4.1}% 10
\BOOKMARK [1][-]{section.4.2}{Catch up}{chapter.4}% 11
\BOOKMARK [2][-]{subsection.4.2.1}{Modify the namelist file}{section.4.2}% 12
\BOOKMARK [2][-]{subsection.4.2.2}{Launch}{section.4.2}% 13
\BOOKMARK [2][-]{subsection.4.2.3}{Output}{section.4.2}% 14
\BOOKMARK [1][-]{section.4.3}{Restart}{chapter.4}% 15
\BOOKMARK [2][-]{subsection.4.3.1}{Modify the namelist file}{section.4.3}% 16
\BOOKMARK [2][-]{subsection.4.3.2}{Launch}{section.4.3}% 17
\BOOKMARK [2][-]{subsection.4.3.3}{Output}{section.4.3}% 18
\BOOKMARK [0][-]{chapter.5}{Format of files}{}% 19
\BOOKMARK [1][-]{section.5.1}{Input files}{chapter.5}% 20
\BOOKMARK [2][-]{subsection.5.1.1}{“Namelist” file}{section.5.1}% 21
\BOOKMARK [2][-]{subsection.5.1.2}{“InHam” file}{section.5.1}% 22
\BOOKMARK [2][-]{subsection.5.1.3}{“InVec” file}{section.5.1}% 23
\BOOKMARK [2][-]{subsection.5.1.4}{Coefficients for restart}{section.5.1}% 24
\BOOKMARK [2][-]{subsection.5.1.5}{Residual vector}{section.5.1}% 25
\BOOKMARK [1][-]{section.5.2}{Output file}{chapter.5}% 26
\BOOKMARK [2][-]{subsection.5.2.1}{Coefficient for restart}{section.5.2}% 27
\BOOKMARK [2][-]{subsection.5.2.2}{Residual vector}{section.5.2}% 28
\BOOKMARK [2][-]{subsection.5.2.3}{Dynamical Green’s function}{section.5.2}% 29
\BOOKMARK [0][-]{chapter.6}{Contact}{}% 30
